<?xml version="1.0" encoding="UTF-8"?>
<!-- Generated by org.testng.reporters.JUnitReportReporter -->
<testsuite skipped="0" hostname="DESKTOP-QKU1NGD" name="org.practicetests.PracticePageTests" tests="1" failures="0" timestamp="2021-07-15T16:27:51 IST" time="13.629" errors="0">
  <testcase name="verifyHomeFunctionality" time="13.629" classname="org.practicetests.PracticePageTests"/>
  <system-out/>
</testsuite> <!-- org.practicetests.PracticePageTests -->
