<?xml version="1.0" encoding="UTF-8"?>
<!-- Generated by org.testng.reporters.JUnitReportReporter -->
<testsuite skipped="0" hostname="DESKTOP-QKU1NGD" name="org.practicetests.PracticePageTests" tests="1" failures="0" timestamp="2021-07-16T00:14:08 IST" time="33.136" errors="0">
  <testcase name="verifyRadioButtons" time="33.136" classname="org.practicetests.PracticePageTests"/>
  <system-out/>
</testsuite> <!-- org.practicetests.PracticePageTests -->
