<?xml version="1.0" encoding="UTF-8"?>
<!-- Generated by org.testng.reporters.JUnitReportReporter -->
<testsuite skipped="0" hostname="DESKTOP-QKU1NGD" name="org.practicetests.HomePageTests" tests="1" failures="0" timestamp="2021-07-14T23:19:36 IST" time="19.084" errors="0">
  <testcase name="verifyHomeFunctionality" time="19.084" classname="org.practicetests.HomePageTests"/>
  <system-out/>
</testsuite> <!-- org.practicetests.HomePageTests -->
