<?xml version="1.0" encoding="UTF-8"?>
<!-- Generated by org.testng.reporters.JUnitReportReporter -->
<testsuite skipped="0" hostname="DESKTOP-QKU1NGD" name="org.practicetests.HomePageTests" tests="1" failures="0" timestamp="2021-07-16T00:43:10 IST" time="22.473" errors="0">
  <testcase name="verifyHomeFunctionality" time="22.473" classname="org.practicetests.HomePageTests"/>
  <system-out/>
</testsuite> <!-- org.practicetests.HomePageTests -->
