<?xml version="1.0" encoding="UTF-8"?>
<!-- Generated by org.testng.reporters.JUnitReportReporter -->
<testsuite skipped="0" hostname="DESKTOP-QKU1NGD" name="org.practicetests.PracticePageTests" tests="1" failures="0" timestamp="2021-07-14T22:55:35 IST" time="14.058" errors="0">
  <testcase name="verifyHomeFunctionality" time="14.058" classname="org.practicetests.PracticePageTests"/>
  <system-out/>
</testsuite> <!-- org.practicetests.PracticePageTests -->
