<?xml version="1.0" encoding="UTF-8"?>
<!-- Generated by org.testng.reporters.JUnitReportReporter -->
<testsuite skipped="0" hostname="DESKTOP-QKU1NGD" name="PracticeTests.HomePage" tests="1" failures="0" timestamp="2021-07-14T18:14:06 IST" time="15.374" errors="0">
  <testcase name="verifyHomeFunctionality" time="15.374" classname="PracticeTests.HomePage"/>
  <system-out/>
</testsuite> <!-- PracticeTests.HomePage -->
