<?xml version="1.0" encoding="UTF-8"?>
<!-- Generated by org.testng.reporters.JUnitReportReporter -->
<testsuite skipped="0" hostname="DESKTOP-QKU1NGD" name="org.practicetests.HomePageTests" tests="1" failures="0" timestamp="2021-07-15T20:02:09 IST" time="18.433" errors="0">
  <testcase name="verifyHomeFunctionality" time="18.433" classname="org.practicetests.HomePageTests"/>
  <system-out/>
</testsuite> <!-- org.practicetests.HomePageTests -->
