<?xml version="1.0" encoding="UTF-8"?>
<!-- Generated by org.testng.reporters.JUnitReportReporter -->
<testsuite skipped="0" hostname="DESKTOP-QKU1NGD" name="org.practicetests.HomePageTests" tests="1" failures="0" timestamp="15 Jul 2021 09:18:32 GMT" time="21.596" errors="0">
  <testcase name="verifyHomeFunctionality" time="21.596" classname="org.practicetests.HomePageTests"/>
</testsuite> <!-- org.practicetests.HomePageTests -->
