<?xml version="1.0" encoding="UTF-8"?>
<!-- Generated by org.testng.reporters.JUnitReportReporter -->
<testsuite skipped="0" hostname="DESKTOP-QKU1NGD" name="org.practicetests.PracticePageTests" tests="1" failures="0" timestamp="15 Jul 2021 12:40:53 GMT" time="14.041" errors="0">
  <testcase name="verifyHomeFunctionality" time="14.041" classname="org.practicetests.PracticePageTests"/>
</testsuite> <!-- org.practicetests.PracticePageTests -->
