<?xml version="1.0" encoding="UTF-8"?>
<!-- Generated by org.testng.reporters.JUnitReportReporter -->
<testsuite skipped="0" hostname="DESKTOP-QKU1NGD" name="org.practicetests.LoginPageTests" tests="1" failures="0" timestamp="14 Jul 2021 17:55:21 GMT" time="20.438" errors="0">
  <testcase name="verifyHomeFunctionality" time="20.438" classname="org.practicetests.LoginPageTests"/>
</testsuite> <!-- org.practicetests.LoginPageTests -->
